<?xml version="1.0" encoding="UTF-8" ?>
<testsuite failures="0" time="0.031" errors="0" skipped="0" tests="19" name="com.sun.syndication.unittest.TestSyndFeedRSS092">
  <properties>
    <property name="java.runtime.name" value="Java(TM) SE Runtime Environment"/>
    <property name="sun.boot.library.path" value="/System/Library/Java/JavaVirtualMachines/1.6.0.jdk/Contents/Libraries"/>
    <property name="java.vm.version" value="20.45-b01-451"/>
    <property name="awt.nativeDoubleBuffering" value="true"/>
    <property name="gopherProxySet" value="false"/>
    <property name="mrj.build" value="11M4406"/>
    <property name="java.vm.vendor" value="Apple Inc."/>
    <property name="java.vendor.url" value="http://www.apple.com/"/>
    <property name="path.separator" value=":"/>
    <property name="guice.disable.misplaced.annotation.check" value="true"/>
    <property name="java.vm.name" value="Java HotSpot(TM) 64-Bit Server VM"/>
    <property name="file.encoding.pkg" value="sun.io"/>
    <property name="user.country" value="US"/>
    <property name="sun.java.launcher" value="SUN_STANDARD"/>
    <property name="sun.os.patch.level" value="unknown"/>
    <property name="java.vm.specification.name" value="Java Virtual Machine Specification"/>
    <property name="user.dir" value="/Users/zzh/Documents/mysrc/html_extraction/Rome/rome-1.0"/>
    <property name="java.runtime.version" value="1.6.0_45-b06-451-11M4406"/>
    <property name="java.awt.graphicsenv" value="apple.awt.CGraphicsEnvironment"/>
    <property name="java.endorsed.dirs" value="/System/Library/Java/JavaVirtualMachines/1.6.0.jdk/Contents/Home/lib/endorsed"/>
    <property name="os.arch" value="x86_64"/>
    <property name="java.io.tmpdir" value="/var/folders/pn/w7l158y16kg_7klk7t_gyv_8001zlh/T/"/>
    <property name="line.separator" value="
"/>
    <property name="java.vm.specification.vendor" value="Sun Microsystems Inc."/>
    <property name="os.name" value="Mac OS X"/>
    <property name="classworlds.conf" value="/usr/share/maven/bin/m2.conf"/>
    <property name="sun.jnu.encoding" value="MacRoman"/>
    <property name="java.library.path" value=".:/Library/Java/Extensions:/System/Library/Java/Extensions:/usr/lib/java"/>
    <property name="java.specification.name" value="Java Platform API Specification"/>
    <property name="java.class.version" value="50.0"/>
    <property name="sun.management.compiler" value="HotSpot 64-Bit Tiered Compilers"/>
    <property name="os.version" value="10.8.3"/>
    <property name="user.home" value="/Users/zzh"/>
    <property name="user.timezone" value="Asia/Shanghai"/>
    <property name="java.awt.printerjob" value="apple.awt.CPrinterJob"/>
    <property name="java.specification.version" value="1.6"/>
    <property name="file.encoding" value="MacRoman"/>
    <property name="user.name" value="zzh"/>
    <property name="java.class.path" value="/usr/share/maven/boot/plexus-classworlds-2.4.jar"/>
    <property name="java.vm.specification.version" value="1.0"/>
    <property name="sun.arch.data.model" value="64"/>
    <property name="java.home" value="/System/Library/Java/JavaVirtualMachines/1.6.0.jdk/Contents/Home"/>
    <property name="sun.java.command" value="org.codehaus.plexus.classworlds.launcher.Launcher package"/>
    <property name="java.specification.vendor" value="Sun Microsystems Inc."/>
    <property name="user.language" value="en"/>
    <property name="awt.toolkit" value="apple.awt.CToolkit"/>
    <property name="java.vm.info" value="mixed mode"/>
    <property name="java.version" value="1.6.0_45"/>
    <property name="java.ext.dirs" value="/Library/Java/Extensions:/System/Library/Java/Extensions:/System/Library/Java/JavaVirtualMachines/1.6.0.jdk/Contents/Home/lib/ext"/>
    <property name="sun.boot.class.path" value="/System/Library/Java/JavaVirtualMachines/1.6.0.jdk/Contents/Classes/jsfd.jar:/System/Library/Java/JavaVirtualMachines/1.6.0.jdk/Contents/Classes/classes.jar:/System/Library/Frameworks/JavaVM.framework/Frameworks/JavaRuntimeSupport.framework/Resources/Java/JavaRuntimeSupport.jar:/System/Library/Java/JavaVirtualMachines/1.6.0.jdk/Contents/Classes/ui.jar:/System/Library/Java/JavaVirtualMachines/1.6.0.jdk/Contents/Classes/laf.jar:/System/Library/Java/JavaVirtualMachines/1.6.0.jdk/Contents/Classes/sunrsasign.jar:/System/Library/Java/JavaVirtualMachines/1.6.0.jdk/Contents/Classes/jsse.jar:/System/Library/Java/JavaVirtualMachines/1.6.0.jdk/Contents/Classes/jce.jar:/System/Library/Java/JavaVirtualMachines/1.6.0.jdk/Contents/Classes/charsets.jar"/>
    <property name="java.vendor" value="Apple Inc."/>
    <property name="maven.home" value="/usr/share/maven"/>
    <property name="file.separator" value="/"/>
    <property name="java.vendor.url.bug" value="http://bugreport.apple.com/"/>
    <property name="sun.cpu.endian" value="little"/>
    <property name="sun.io.unicode.encoding" value="UnicodeLittle"/>
    <property name="mrj.version" value="1070.1.6.0_45-451"/>
    <property name="sun.cpu.isalist" value=""/>
  </properties>
  <testcase time="0.001" classname="com.sun.syndication.unittest.TestSyndFeedRSS092" name="testLanguage"/>
  <testcase time="0.002" classname="com.sun.syndication.unittest.TestSyndFeedRSS092" name="testPublishedDate"/>
  <testcase time="0.001" classname="com.sun.syndication.unittest.TestSyndFeedRSS092" name="testCopyright"/>
  <testcase time="0.002" classname="com.sun.syndication.unittest.TestSyndFeedRSS092" name="testAuthor"/>
  <testcase time="0.001" classname="com.sun.syndication.unittest.TestSyndFeedRSS092" name="testImageTitle"/>
  <testcase time="0.002" classname="com.sun.syndication.unittest.TestSyndFeedRSS092" name="testImageUrl"/>
  <testcase time="0.002" classname="com.sun.syndication.unittest.TestSyndFeedRSS092" name="testImageLink"/>
  <testcase time="0.002" classname="com.sun.syndication.unittest.TestSyndFeedRSS092" name="testImageDescription"/>
  <testcase time="0.002" classname="com.sun.syndication.unittest.TestSyndFeedRSS092" name="testPreserveWireFeed"/>
  <testcase time="0.003" classname="com.sun.syndication.unittest.TestSyndFeedRSS092" name="testType"/>
  <testcase time="0.002" classname="com.sun.syndication.unittest.TestSyndFeedRSS092" name="testTitle"/>
  <testcase time="0.001" classname="com.sun.syndication.unittest.TestSyndFeedRSS092" name="testLink"/>
  <testcase time="0.002" classname="com.sun.syndication.unittest.TestSyndFeedRSS092" name="testDescription"/>
  <testcase time="0.001" classname="com.sun.syndication.unittest.TestSyndFeedRSS092" name="testImage"/>
  <testcase time="0.002" classname="com.sun.syndication.unittest.TestSyndFeedRSS092" name="testEntries"/>
  <testcase time="0.001" classname="com.sun.syndication.unittest.TestSyndFeedRSS092" name="testEntryTitle"/>
  <testcase time="0.002" classname="com.sun.syndication.unittest.TestSyndFeedRSS092" name="testEntryDescription"/>
  <testcase time="0.001" classname="com.sun.syndication.unittest.TestSyndFeedRSS092" name="testEntryLink"/>
  <testcase time="0" classname="com.sun.syndication.unittest.TestSyndFeedRSS092" name="testEntryPublishedDate"/>
</testsuite>